<?xml version="1.0" encoding="UTF-8"?>
<!-- Generated by org.testng.reporters.JUnitReportReporter -->
<testsuite hostname="bhagyak" failures="0" tests="5" name="testcases.FindNewCarsTest" time="38.706" errors="0" timestamp="2024-11-14T13:07:04 IST" skipped="1">
  <testcase classname="testcases.FindNewCarsTest" name="newCarTest" time="8.399"/>
  <testcase classname="testcases.FindNewCarsTest" name="newCarTest" time="10.684"/>
  <testcase classname="testcases.FindNewCarsTest" name="newCarTest" time="9.368"/>
  <testcase classname="testcases.FindNewCarsTest" name="newCarTest" time="1.702">
    <skipped/>
  </testcase> <!-- newCarTest -->
  <testcase classname="testcases.FindNewCarsTest" name="newCarTest" time="8.553"/>
</testsuite> <!-- testcases.FindNewCarsTest -->
