<?xml version="1.0" encoding="UTF-8"?>
<!-- Generated by org.testng.reporters.JUnitReportReporter -->
<testsuite hostname="bhagyak" failures="0" tests="5" name="testcases.CarModelAndPricesTest" time="28.470" errors="0" timestamp="2024-11-18T12:30:32 IST" skipped="1">
  <testcase classname="testcases.CarModelAndPricesTest" name="carModelAndPrice" time="5.813"/>
  <testcase classname="testcases.CarModelAndPricesTest" name="carModelAndPrice" time="7.451"/>
  <testcase classname="testcases.CarModelAndPricesTest" name="carModelAndPrice" time="1.343">
    <skipped/>
  </testcase> <!-- carModelAndPrice -->
  <testcase classname="testcases.CarModelAndPricesTest" name="carModelAndPrice" time="7.522"/>
  <testcase classname="testcases.CarModelAndPricesTest" name="carModelAndPrice" time="6.341"/>
</testsuite> <!-- testcases.CarModelAndPricesTest -->
